{
  "RSpec": {
    "coverage": {
      "/Users/micahbales/Dropbox/Documents/Git/Launch-Academy/challenges/phase-6/test-all-the-methods/code.rb": [
        1,
        2,
        1,
        null,
        1,
        null,
        null,
        null,
        1,
        1,
        1,
        3,
        null,
        null,
        1,
        null,
        null,
        1,
        1,
        1,
        3,
        null,
        1,
        null,
        null,
        1,
        4,
        1,
        3,
        1,
        2,
        1,
        null,
        1,
        null,
        null,
        null,
        1,
        1,
        3,
        2,
        null,
        1,
        null,
        null,
        null,
        null,
        1,
        2,
        null,
        null,
        1,
        3,
        1,
        null,
        null,
        2,
        2,
        4,
        3,
        null,
        1,
        null
      ]
    },
    "timestamp": 1472090413
  }
}
